Starting Cobalt job script
----Cobalt Nodefile: -----
--------------------------
Creating redis cluster
=================================================================
Constructing commands to create redis cluster
155314:C 26 Aug 2020 19:02:04.155 # oO0OoO0OoO0Oo Redis is starting oO0OoO0OoO0Oo
155314:C 26 Aug 2020 19:02:04.155 # Redis version=5.0.3, bits=64, commit=00000000, modified=0, pid=155314, just started
155314:C 26 Aug 2020 19:02:04.155 # Configuration loaded
155314:M 26 Aug 2020 19:02:04.159 * No cluster configuration found, I'm 37c9a74462f7d9edc6f4f109d59b79b57c04f3a3
                _._                                                  
           _.-``__ ''-._                                             
      _.-``    `.  `_.  ''-._           Redis 5.0.3 (00000000/0) 64 bit
  .-`` .-```.  ```\/    _.,_ ''-._                                   
 (    '      ,       .-`  | `,    )     Running in cluster mode
 |`-._`-...-` __...-.``-._|'` _.-'|     Port: 7000
 |    `-._   `._    /     _.-'    |     PID: 155314
  `-._    `-._  `-./  _.-'    _.-'                                   
 |`-._`-._    `-.__.-'    _.-'_.-'|                                  
 |    `-._`-._        _.-'_.-'    |           http://redis.io        
  `-._    `-._`-.__.-'_.-'    _.-'                                   
 |`-._`-._    `-.__.-'    _.-'_.-'|                                  
 |    `-._`-._        _.-'_.-'    |                                  
  `-._    `-._`-.__.-'_.-'    _.-'                                   
      `-._    `-.__.-'    _.-'                                       
          `-._        _.-'                                           
              `-.__.-'                                               

155314:M 26 Aug 2020 19:02:04.162 # WARNING: The TCP backlog setting of 511 cannot be enforced because /proc/sys/net/core/somaxconn is set to the lower value of 128.
155314:M 26 Aug 2020 19:02:04.162 # Server initialized
155314:M 26 Aug 2020 19:02:04.162 # WARNING overcommit_memory is set to 0! Background save may fail under low memory condition. To fix this issue add 'vm.overcommit_memory = 1' to /etc/sysctl.conf and then reboot or run the command 'sysctl vm.overcommit_memory=1' for this to take effect.
155314:M 26 Aug 2020 19:02:04.163 * Ready to accept connections
155916:C 26 Aug 2020 19:02:04.190 # oO0OoO0OoO0Oo Redis is starting oO0OoO0OoO0Oo
155916:C 26 Aug 2020 19:02:04.190 # Redis version=5.0.3, bits=64, commit=00000000, modified=0, pid=155916, just started
155916:C 26 Aug 2020 19:02:04.190 # Configuration loaded
155916:M 26 Aug 2020 19:02:04.194 * No cluster configuration found, I'm 36464291811c22023a9b857154f3f4498125b94d
                _._                                                  
           _.-``__ ''-._                                             
      _.-``    `.  `_.  ''-._           Redis 5.0.3 (00000000/0) 64 bit
  .-`` .-```.  ```\/    _.,_ ''-._                                   
 (    '      ,       .-`  | `,    )     Running in cluster mode
 |`-._`-...-` __...-.``-._|'` _.-'|     Port: 7000
 |    `-._   `._    /     _.-'    |     PID: 155916
  `-._    `-._  `-./  _.-'    _.-'                                   
 |`-._`-._    `-.__.-'    _.-'_.-'|                                  
 |    `-._`-._        _.-'_.-'    |           http://redis.io        
  `-._    `-._`-.__.-'_.-'    _.-'                                   
 |`-._`-._    `-.__.-'    _.-'_.-'|                                  
 |    `-._`-._        _.-'_.-'    |                                  
  `-._    `-._`-.__.-'_.-'    _.-'                                   
      `-._    `-.__.-'    _.-'                                       
          `-._        _.-'                                           
              `-.__.-'                                               

155916:M 26 Aug 2020 19:02:04.197 # WARNING: The TCP backlog setting of 511 cannot be enforced because /proc/sys/net/core/somaxconn is set to the lower value of 128.
155916:M 26 Aug 2020 19:02:04.197 # Server initialized
155916:M 26 Aug 2020 19:02:04.197 # WARNING overcommit_memory is set to 0! Background save may fail under low memory condition. To fix this issue add 'vm.overcommit_memory = 1' to /etc/sysctl.conf and then reboot or run the command 'sysctl vm.overcommit_memory=1' for this to take effect.
155916:M 26 Aug 2020 19:02:04.198 * Ready to accept connections
155298:C 26 Aug 2020 19:02:04.240 # oO0OoO0OoO0Oo Redis is starting oO0OoO0OoO0Oo
155298:C 26 Aug 2020 19:02:04.240 # Redis version=5.0.3, bits=64, commit=00000000, modified=0, pid=155298, just started
155298:C 26 Aug 2020 19:02:04.240 # Configuration loaded
155298:M 26 Aug 2020 19:02:04.244 * No cluster configuration found, I'm 98e790b5cbcde07898b099dd68943a29f98febfc
                _._                                                  
           _.-``__ ''-._                                             
      _.-``    `.  `_.  ''-._           Redis 5.0.3 (00000000/0) 64 bit
  .-`` .-```.  ```\/    _.,_ ''-._                                   
 (    '      ,       .-`  | `,    )     Running in cluster mode
 |`-._`-...-` __...-.``-._|'` _.-'|     Port: 7000
 |    `-._   `._    /     _.-'    |     PID: 155298
  `-._    `-._  `-./  _.-'    _.-'                                   
 |`-._`-._    `-.__.-'    _.-'_.-'|                                  
 |    `-._`-._        _.-'_.-'    |           http://redis.io        
  `-._    `-._`-.__.-'_.-'    _.-'                                   
 |`-._`-._    `-.__.-'    _.-'_.-'|                                  
 |    `-._`-._        _.-'_.-'    |                                  
  `-._    `-._`-.__.-'_.-'    _.-'                                   
      `-._    `-.__.-'    _.-'                                       
          `-._        _.-'                                           
              `-.__.-'                                               

155298:M 26 Aug 2020 19:02:04.247 # WARNING: The TCP backlog setting of 511 cannot be enforced because /proc/sys/net/core/somaxconn is set to the lower value of 128.
155298:M 26 Aug 2020 19:02:04.247 # Server initialized
155298:M 26 Aug 2020 19:02:04.247 # WARNING overcommit_memory is set to 0! Background save may fail under low memory condition. To fix this issue add 'vm.overcommit_memory = 1' to /etc/sysctl.conf and then reboot or run the command 'sysctl vm.overcommit_memory=1' for this to take effect.
155298:M 26 Aug 2020 19:02:04.248 * Ready to accept connections
 echo "yes" | redis-cli --cluster create 10.128.12.123:7000 10.128.12.126:7000 10.128.12.125:7000 --cluster-replicas 0
>>> Performing hash slots allocation on 3 nodes...
Master[0] -> Slots 0 - 5460
Master[1] -> Slots 5461 - 10922
Master[2] -> Slots 10923 - 16383
M: 37c9a74462f7d9edc6f4f109d59b79b57c04f3a3 10.128.12.123:7000
   slots:[0-5460] (5461 slots) master
M: 36464291811c22023a9b857154f3f4498125b94d 10.128.12.126:7000
   slots:[5461-10922] (5462 slots) master
M: 98e790b5cbcde07898b099dd68943a29f98febfc 10.128.12.125:7000
   slots:[10923-16383] (5461 slots) master
Can I set the above configuration? (type 'yes' to accept): 155314:M 26 Aug 2020 19:02:25.571 # configEpoch set to 1 via CLUSTER SET-CONFIG-EPOCH
155916:M 26 Aug 2020 19:02:25.572 # configEpoch set to 2 via CLUSTER SET-CONFIG-EPOCH
155298:M 26 Aug 2020 19:02:25.573 # configEpoch set to 3 via CLUSTER SET-CONFIG-EPOCH
155314:M 26 Aug 2020 19:02:25.605 # IP address for this node updated to 10.128.12.123
155298:M 26 Aug 2020 19:02:25.666 # IP address for this node updated to 10.128.12.125
155916:M 26 Aug 2020 19:02:25.666 # IP address for this node updated to 10.128.12.126
>>> Nodes configuration updated
>>> Assign a different config epoch to each node
>>> Sending CLUSTER MEET messages to join the cluster
Waiting for the cluster to join
.
>>> Performing Cluster Check (using node 10.128.12.123:7000)
M: 37c9a74462f7d9edc6f4f109d59b79b57c04f3a3 10.128.12.123:7000
   slots:[0-5460] (5461 slots) master
M: 36464291811c22023a9b857154f3f4498125b94d 10.128.12.126:7000
   slots:[5461-10922] (5462 slots) master
M: 98e790b5cbcde07898b099dd68943a29f98febfc 10.128.12.125:7000
   slots:[10923-16383] (5461 slots) master
[OK] All nodes agree about slots configuration.
>>> Check for open slots...
>>> Check slots coverage...
[OK] All 16384 slots covered.
Starting funcx managers
===================================================================
155314:M 26 Aug 2020 19:02:30.491 # Cluster state changed: ok
155916:M 26 Aug 2020 19:02:30.531 # Cluster state changed: ok
155298:M 26 Aug 2020 19:02:30.582 # Cluster state changed: ok
PROCESS_WORKER_POOL exiting
PROCESS_WORKER_POOL exiting
PROCESS_WORKER_POOL exiting
PROCESS_WORKER_POOL exiting
PROCESS_WORKER_POOL exiting
Application 21540693 resources: utime ~14606s, stime ~3148s, Rss ~5353040, inblocks ~64457970, outblocks ~63809312
155314:signal-handler (1598471591) Received SIGTERM scheduling shutdown...
155314:signal-handler (1598471591) Received SIGTERM scheduling shutdown...
155314:signal-handler (1598471591) 155314Received SIGTERM scheduling shutdown...:signal-handler (
1598471591) Received SIGTERM scheduling shutdown...
155298:signal-handler (1598471590) Received SIGTERM scheduling shutdown...
155298:signal-handler (1598471590) Received SIGTERM scheduling shutdown...155916:signal-handler (1598471590) Received SIGTERM scheduling shutdown...
155916:signal-handler (1598471590
) 155298155298:signal-handler (:signal-handler (15984715901598471590) ) Received SIGTERM scheduling shutdown...Received SIGTERM scheduling shutdown...

155916155916Received SIGTERM scheduling shutdown...:signal-handler (
:signal-handler (15984715901598471590) ) Received SIGTERM scheduling shutdown...Received SIGTERM scheduling shutdown...

Application 21540692 exit signals: Terminated
Application 21540692 resources: utime ~0s, stime ~4s, Rss ~7156, inblocks ~1404, outblocks ~0
